# JRE version: OpenJDK Runtime Environment (8.0_152-b01) (build 1.8.0_152-release-915-b01)
# Java VM: OpenJDK 64-Bit Server VM (25.152-b01 mixed mode linux-amd64 compressed oops)
Heap:
 PSYoungGen      total 235520K, used 235180K [0x00000000e0000000, 0x00000000f2700000, 0x0000000100000000)
  eden space 216576K, 100% used [0x00000000e0000000,0x00000000ed380000,0x00000000ed380000)
  from space 18944K, 98% used [0x00000000f0600000,0x00000000f182b170,0x00000000f1880000)
  to   space 14848K, 87% used [0x00000000f1880000,0x00000000f252b140,0x00000000f2700000)
 ParOldGen       total 91136K, used 56125K [0x00000000a0000000, 0x00000000a5900000, 0x00000000e0000000)
  object space 91136K, 61% used [0x00000000a0000000,0x00000000a36cf5e8,0x00000000a5900000)
 Metaspace       used 74175K, capacity 78856K, committed 79124K, reserved 1118208K
  class space    used 9648K, capacity 10760K, committed 10812K, reserved 1048576K
GC Heap History (10 events):
Event: 123.868 GC heap after
Heap after GC invocations=18 (full 3):
 PSYoungGen      total 279040K, used 11677K [0x00000000e0000000, 0x00000000f4b80000, 0x0000000100000000)
  eden space 257024K, 0% used [0x00000000e0000000,0x00000000e0000000,0x00000000efb00000)
  from space 22016K, 53% used [0x00000000efb00000,0x00000000f0667728,0x00000000f1080000)
  to   space 21504K, 0% used [0x00000000f3680000,0x00000000f3680000,0x00000000f4b80000)
 ParOldGen       total 91136K, used 44604K [0x00000000a0000000, 0x00000000a5900000, 0x00000000e0000000)
  object space 91136K, 48% used [0x00000000a0000000,0x00000000a2b8f318,0x00000000a5900000)
 Metaspace       used 66192K, capacity 69102K, committed 69396K, reserved 1110016K
  class space    used 8756K, capacity 9487K, committed 9532K, reserved 1048576K
}
Event: 3625.730 GC heap before
{Heap before GC invocations=19 (full 3):
 PSYoungGen      total 279040K, used 268701K [0x00000000e0000000, 0x00000000f4b80000, 0x0000000100000000)
  eden space 257024K, 100% used [0x00000000e0000000,0x00000000efb00000,0x00000000efb00000)
  from space 22016K, 53% used [0x00000000efb00000,0x00000000f0667728,0x00000000f1080000)
  to   space 21504K, 0% used [0x00000000f3680000,0x00000000f3680000,0x00000000f4b80000)
 ParOldGen       total 91136K, used 44604K [0x00000000a0000000, 0x00000000a5900000, 0x00000000e0000000)
  object space 91136K, 48% used [0x00000000a0000000,0x00000000a2b8f318,0x00000000a5900000)
 Metaspace       used 67213K, capacity 70432K, committed 70548K, reserved 1110016K
  class space    used 8832K, capacity 9622K, committed 9660K, reserved 1048576K
Event: 3627.831 GC heap after
Heap after GC invocations=19 (full 3):
 PSYoungGen      total 256000K, used 9472K [0x00000000e0000000, 0x00000000f4000000, 0x0000000100000000)
  eden space 246272K, 0% used [0x00000000e0000000,0x00000000e0000000,0x00000000ef080000)
  from space 9728K, 97% used [0x00000000f3680000,0x00000000f3fc0080,0x00000000f4000000)
  to   space 20480K, 0% used [0x00000000f1800000,0x00000000f1800000,0x00000000f2c00000)
 ParOldGen       total 91136K, used 44612K [0x00000000a0000000, 0x00000000a5900000, 0x00000000e0000000)
  object space 91136K, 48% used [0x00000000a0000000,0x00000000a2b91318,0x00000000a5900000)
 Metaspace       used 67213K, capacity 70432K, committed 70548K, reserved 1110016K
  class space    used 8832K, capacity 9622K, committed 9660K, reserved 1048576K
}
Event: 3927.478 GC heap before
{Heap before GC invocations=20 (full 3):
 PSYoungGen      total 256000K, used 255744K [0x00000000e0000000, 0x00000000f4000000, 0x0000000100000000)
  eden space 246272K, 100% used [0x00000000e0000000,0x00000000ef080000,0x00000000ef080000)
  from space 9728K, 97% used [0x00000000f3680000,0x00000000f3fc0080,0x00000000f4000000)
  to   space 20480K, 0% used [0x00000000f1800000,0x00000000f1800000,0x00000000f2c00000)
 ParOldGen       total 91136K, used 44612K [0x00000000a0000000, 0x00000000a5900000, 0x00000000e0000000)
  object space 91136K, 48% used [0x00000000a0000000,0x00000000a2b91318,0x00000000a5900000)
 Metaspace       used 68175K, capacity 71750K, committed 72084K, reserved 1112064K
  class space    used 8932K, capacity 9813K, committed 9916K, reserved 1048576K
Event: 3927.538 GC heap after
Heap after GC invocations=20 (full 3):
 PSYoungGen      total 250880K, used 14352K [0x00000000e0000000, 0x00000000f3700000, 0x0000000100000000)
  eden space 236032K, 0% used [0x00000000e0000000,0x00000000e0000000,0x00000000ee680000)
  from space 14848K, 96% used [0x00000000f1800000,0x00000000f2604090,0x00000000f2680000)
  to   space 16896K, 0% used [0x00000000f2680000,0x00000000f2680000,0x00000000f3700000)
 ParOldGen       total 91136K, used 44620K [0x00000000a0000000, 0x00000000a5900000, 0x00000000e0000000)
  object space 91136K, 48% used [0x00000000a0000000,0x00000000a2b93318,0x00000000a5900000)
 Metaspace       used 68175K, capacity 71750K, committed 72084K, reserved 1112064K
  class space    used 8932K, capacity 9813K, committed 9916K, reserved 1048576K
}
Event: 4134.637 GC heap before
{Heap before GC invocations=21 (full 3):
 PSYoungGen      total 250880K, used 250384K [0x00000000e0000000, 0x00000000f3700000, 0x0000000100000000)
  eden space 236032K, 100% used [0x00000000e0000000,0x00000000ee680000,0x00000000ee680000)
  from space 14848K, 96% used [0x00000000f1800000,0x00000000f2604090,0x00000000f2680000)
  to   space 16896K, 0% used [0x00000000f2680000,0x00000000f2680000,0x00000000f3700000)
 ParOldGen       total 91136K, used 44620K [0x00000000a0000000, 0x00000000a5900000, 0x00000000e0000000)
  object space 91136K, 48% used [0x00000000a0000000,0x00000000a2b93318,0x00000000a5900000)
 Metaspace       used 73325K, capacity 77450K, committed 77716K, reserved 1116160K
  class space    used 9554K, capacity 10569K, committed 10684K, reserved 1048576K
Event: 4135.047 GC heap after
Heap after GC invocations=21 (full 3):
 PSYoungGen      total 243200K, used 16876K [0x00000000e0000000, 0x00000000f3700000, 0x0000000100000000)
  eden space 226304K, 0% used [0x00000000e0000000,0x00000000e0000000,0x00000000edd00000)
  from space 16896K, 99% used [0x00000000f2680000,0x00000000f36fb140,0x00000000f3700000)
  to   space 25088K, 0% used [0x00000000f0600000,0x00000000f0600000,0x00000000f1e80000)
 ParOldGen       total 91136K, used 51836K [0x00000000a0000000, 0x00000000a5900000, 0x00000000e0000000)
  object space 91136K, 56% used [0x00000000a0000000,0x00000000a329f1e8,0x00000000a5900000)
 Metaspace       used 73325K, capacity 77450K, committed 77716K, reserved 1116160K
  class space    used 9554K, capacity 10569K, committed 10684K, reserved 1048576K
}
Event: 4162.252 GC heap before
{Heap before GC invocations=22 (full 3):
 PSYoungGen      total 243200K, used 243180K [0x00000000e0000000, 0x00000000f3700000, 0x0000000100000000)
  eden space 226304K, 100% used [0x00000000e0000000,0x00000000edd00000,0x00000000edd00000)
  from space 16896K, 99% used [0x00000000f2680000,0x00000000f36fb140,0x00000000f3700000)
  to   space 25088K, 0% used [0x00000000f0600000,0x00000000f0600000,0x00000000f1e80000)
 ParOldGen       total 91136K, used 51836K [0x00000000a0000000, 0x00000000a5900000, 0x00000000e0000000)
  object space 91136K, 56% used [0x00000000a0000000,0x00000000a329f1e8,0x00000000a5900000)
 Metaspace       used 74002K, capacity 78610K, committed 78868K, reserved 1118208K
  class space    used 9640K, capacity 10749K, committed 10812K, reserved 1048576K
Event: 4162.641 GC heap after
Heap after GC invocations=22 (full 3):
 PSYoungGen      total 235520K, used 18604K [0x00000000e0000000, 0x00000000f2700000, 0x0000000100000000)
  eden space 216576K, 0% used [0x00000000e0000000,0x00000000e0000000,0x00000000ed380000)
  from space 18944K, 98% used [0x00000000f0600000,0x00000000f182b170,0x00000000f1880000)
  to   space 14848K, 0% used [0x00000000f1880000,0x00000000f1880000,0x00000000f2700000)
 ParOldGen       total 91136K, used 56117K [0x00000000a0000000, 0x00000000a5900000, 0x00000000e0000000)
  object space 91136K, 61% used [0x00000000a0000000,0x00000000a36cd5e8,0x00000000a5900000)
 Metaspace       used 74002K, capacity 78610K, committed 78868K, reserved 1118208K
  class space    used 9640K, capacity 10749K, committed 10812K, reserved 1048576K
}
Event: 6797.281 GC heap before
{Heap before GC invocations=23 (full 3):
 PSYoungGen      total 235520K, used 235180K [0x00000000e0000000, 0x00000000f2700000, 0x0000000100000000)
  eden space 216576K, 100% used [0x00000000e0000000,0x00000000ed380000,0x00000000ed380000)
  from space 18944K, 98% used [0x00000000f0600000,0x00000000f182b170,0x00000000f1880000)
  to   space 14848K, 0% used [0x00000000f1880000,0x00000000f1880000,0x00000000f2700000)
 ParOldGen       total 91136K, used 56117K [0x00000000a0000000, 0x00000000a5900000, 0x00000000e0000000)
  object space 91136K, 61% used [0x00000000a0000000,0x00000000a36cd5e8,0x00000000a5900000)
 Metaspace       used 74175K, capacity 78856K, committed 79124K, reserved 1118208K
  class space    used 9648K, capacity 10760K, committed 10812K, reserved 1048576K

